<?xml version="1.0" encoding="UTF-8"?>
<!-- Generated by org.testng.reporters.JUnitReportReporter -->
<testsuite hostname="LAPTOP-4I1PL9LR" failures="0" tests="1" name="pack2.RegExTest" time="29.400" errors="0" timestamp="09 Jan 2022 07:41:13 GMT" skipped="0">
  <testcase classname="pack2.RegExTest" name="f" time="29.400"/>
</testsuite> <!-- pack2.RegExTest -->
